00:57:30 **** Build of configuration Debug for project Exercise11 ****
make all 
Building file: ../src/Exercise11.cpp
Invoking: GCC C++ Compiler
g++ -O0 -g3 -Wall -c -fmessage-length=0 -MMD -MP -MF"src/Exercise11.d" -MT"src/Exercise11.o" -o "src/Exercise11.o" "../src/Exercise11.cpp"
Finished building: ../src/Exercise11.cpp
 
Building target: Exercise11
Invoking: MacOS X C++ Linker
g++  -o "Exercise11"  ./src/Exercise11.o   
Finished building target: Exercise11
 
00:57:52 **** Incremental Build of configuration Debug for project Exercise11 ****
make all 
make: Nothing to be done for `all'.
00:58:51 **** Incremental Build of configuration Debug for project Exercise11 ****
make all 
Building file: ../src/Exercise11.cpp
Invoking: GCC C++ Compiler
g++ -O0 -g3 -Wall -c -fmessage-length=0 -MMD -MP -MF"src/Exercise11.d" -MT"src/Exercise11.o" -o "src/Exercise11.o" "../src/Exercise11.cpp"
Finished building: ../src/Exercise11.cpp
 
Building target: Exercise11
Invoking: MacOS X C++ Linker
g++  -o "Exercise11"  ./src/Exercise11.o   
Undefined symbols for architecture x86_64:
  "InterPoint(Point2D, Point2D, Point2D, Point2D)", referenced from:
      Inter(Point2D, Point2D, Point2D, Point2D) in Exercise11.o
ld: symbol(s) not found for architecture x86_64
clang: error: linker command failed with exit code 1 (use -v to see invocation)
make: *** [Exercise11] Error 1
"make all" terminated with exit code 2. Build might be incomplete.
00:59:34 **** Incremental Build of configuration Debug for project Exercise11 ****
make all 
Building file: ../src/Exercise11.cpp
Invoking: GCC C++ Compiler
g++ -O0 -g3 -Wall -c -fmessage-length=0 -MMD -MP -MF"src/Exercise11.d" -MT"src/Exercise11.o" -o "src/Exercise11.o" "../src/Exercise11.cpp"
Finished building: ../src/Exercise11.cpp
 
Building target: Exercise11
Invoking: MacOS X C++ Linker
g++  -o "Exercise11"  ./src/Exercise11.o   
Finished building target: Exercise11
 
01:01:21 **** Incremental Build of configuration Debug for project Exercise11 ****
make all 
make: Nothing to be done for `all'.
01:02:28 **** Incremental Build of configuration Debug for project Exercise11 ****
make all 
Building file: ../src/Exercise11.cpp
Invoking: GCC C++ Compiler
g++ -O0 -g3 -Wall -c -fmessage-length=0 -MMD -MP -MF"src/Exercise11.d" -MT"src/Exercise11.o" -o "src/Exercise11.o" "../src/Exercise11.cpp"
Finished building: ../src/Exercise11.cpp
 
Building target: Exercise11
Invoking: MacOS X C++ Linker
g++  -o "Exercise11"  ./src/Exercise11.o   
Finished building target: Exercise11
 
01:08:53 **** Incremental Build of configuration Debug for project Exercise11 ****
make all 
make: Nothing to be done for `all'.
01:09:13 **** Incremental Build of configuration Debug for project Exercise11 ****
make all 
make: Nothing to be done for `all'.
01:09:16 **** Incremental Build of configuration Debug for project Exercise11 ****
make all 
make: Nothing to be done for `all'.
01:09:36 **** Incremental Build of configuration Debug for project Exercise11 ****
make all 
Building file: ../src/Exercise11.cpp
Invoking: GCC C++ Compiler
g++ -O0 -g3 -Wall -c -fmessage-length=0 -MMD -MP -MF"src/Exercise11.d" -MT"src/Exercise11.o" -o "src/Exercise11.o" "../src/Exercise11.cpp"
Finished building: ../src/Exercise11.cpp
 
Building target: Exercise11
Invoking: MacOS X C++ Linker
g++  -o "Exercise11"  ./src/Exercise11.o   
Finished building target: Exercise11
 
01:10:00 **** Incremental Build of configuration Debug for project Exercise11 ****
make all 
Building file: ../src/Exercise11.cpp
Invoking: GCC C++ Compiler
g++ -O0 -g3 -Wall -c -fmessage-length=0 -MMD -MP -MF"src/Exercise11.d" -MT"src/Exercise11.o" -o "src/Exercise11.o" "../src/Exercise11.cpp"
Finished building: ../src/Exercise11.cpp
 
Building target: Exercise11
Invoking: MacOS X C++ Linker
g++  -o "Exercise11"  ./src/Exercise11.o   
Finished building target: Exercise11
 
01:10:07 **** Incremental Build of configuration Debug for project Exercise11 ****
make all 
make: Nothing to be done for `all'.
01:10:35 **** Incremental Build of configuration Debug for project Exercise11 ****
make all 
Building file: ../src/Exercise11.cpp
Invoking: GCC C++ Compiler
g++ -O0 -g3 -Wall -c -fmessage-length=0 -MMD -MP -MF"src/Exercise11.d" -MT"src/Exercise11.o" -o "src/Exercise11.o" "../src/Exercise11.cpp"
Finished building: ../src/Exercise11.cpp
 
Building target: Exercise11
Invoking: MacOS X C++ Linker
g++  -o "Exercise11"  ./src/Exercise11.o   
Finished building target: Exercise11
 
01:10:40 **** Incremental Build of configuration Debug for project Exercise11 ****
make all 
make: Nothing to be done for `all'.
01:11:28 **** Incremental Build of configuration Debug for project Exercise11 ****
make all 
Building file: ../src/Exercise11.cpp
Invoking: GCC C++ Compiler
g++ -O0 -g3 -Wall -c -fmessage-length=0 -MMD -MP -MF"src/Exercise11.d" -MT"src/Exercise11.o" -o "src/Exercise11.o" "../src/Exercise11.cpp"
Finished building: ../src/Exercise11.cpp
 
Building target: Exercise11
Invoking: MacOS X C++ Linker
g++  -o "Exercise11"  ./src/Exercise11.o   
Finished building target: Exercise11
 
01:11:32 **** Incremental Build of configuration Debug for project Exercise11 ****
make all 
make: Nothing to be done for `all'.
01:12:00 **** Incremental Build of configuration Debug for project Exercise11 ****
make all 
Building file: ../src/Exercise11.cpp
Invoking: GCC C++ Compiler
g++ -O0 -g3 -Wall -c -fmessage-length=0 -MMD -MP -MF"src/Exercise11.d" -MT"src/Exercise11.o" -o "src/Exercise11.o" "../src/Exercise11.cpp"
Finished building: ../src/Exercise11.cpp
 
Building target: Exercise11
Invoking: MacOS X C++ Linker
g++  -o "Exercise11"  ./src/Exercise11.o   
Finished building target: Exercise11
 
01:13:12 **** Incremental Build of configuration Debug for project Exercise11 ****
make all 
Building file: ../src/Exercise11.cpp
Invoking: GCC C++ Compiler
g++ -O0 -g3 -Wall -c -fmessage-length=0 -MMD -MP -MF"src/Exercise11.d" -MT"src/Exercise11.o" -o "src/Exercise11.o" "../src/Exercise11.cpp"
Finished building: ../src/Exercise11.cpp
 
Building target: Exercise11
Invoking: MacOS X C++ Linker
g++  -o "Exercise11"  ./src/Exercise11.o   
Finished building target: Exercise11
 
01:13:26 **** Incremental Build of configuration Debug for project Exercise11 ****
make all 
Building file: ../src/Exercise11.cpp
Invoking: GCC C++ Compiler
g++ -O0 -g3 -Wall -c -fmessage-length=0 -MMD -MP -MF"src/Exercise11.d" -MT"src/Exercise11.o" -o "src/Exercise11.o" "../src/Exercise11.cpp"
Finished building: ../src/Exercise11.cpp
 
Building target: Exercise11
Invoking: MacOS X C++ Linker
g++  -o "Exercise11"  ./src/Exercise11.o   
Finished building target: Exercise11
 
01:13:48 **** Incremental Build of configuration Debug for project Exercise11 ****
make all 
Building file: ../src/Exercise11.cpp
Invoking: GCC C++ Compiler
g++ -O0 -g3 -Wall -c -fmessage-length=0 -MMD -MP -MF"src/Exercise11.d" -MT"src/Exercise11.o" -o "src/Exercise11.o" "../src/Exercise11.cpp"
Finished building: ../src/Exercise11.cpp
 
Building target: Exercise11
Invoking: MacOS X C++ Linker
g++  -o "Exercise11"  ./src/Exercise11.o   
Finished building target: Exercise11
 
01:14:10 **** Incremental Build of configuration Debug for project Exercise11 ****
make all 
Building file: ../src/Exercise11.cpp
Invoking: GCC C++ Compiler
g++ -O0 -g3 -Wall -c -fmessage-length=0 -MMD -MP -MF"src/Exercise11.d" -MT"src/Exercise11.o" -o "src/Exercise11.o" "../src/Exercise11.cpp"
Finished building: ../src/Exercise11.cpp
 
Building target: Exercise11
Invoking: MacOS X C++ Linker
g++  -o "Exercise11"  ./src/Exercise11.o   
Finished building target: Exercise11
 
01:15:01 **** Incremental Build of configuration Debug for project Exercise11 ****
make all 
Building file: ../src/Exercise11.cpp
Invoking: GCC C++ Compiler
g++ -O0 -g3 -Wall -c -fmessage-length=0 -MMD -MP -MF"src/Exercise11.d" -MT"src/Exercise11.o" -o "src/Exercise11.o" "../src/Exercise11.cpp"
Finished building: ../src/Exercise11.cpp
 
Building target: Exercise11
Invoking: MacOS X C++ Linker
g++  -o "Exercise11"  ./src/Exercise11.o   
Finished building target: Exercise11
 
01:15:32 **** Incremental Build of configuration Debug for project Exercise11 ****
make all 
Building file: ../src/Exercise11.cpp
Invoking: GCC C++ Compiler
g++ -O0 -g3 -Wall -c -fmessage-length=0 -MMD -MP -MF"src/Exercise11.d" -MT"src/Exercise11.o" -o "src/Exercise11.o" "../src/Exercise11.cpp"
Finished building: ../src/Exercise11.cpp
 
Building target: Exercise11
Invoking: MacOS X C++ Linker
g++  -o "Exercise11"  ./src/Exercise11.o   
Finished building target: Exercise11
 
01:15:51 **** Incremental Build of configuration Debug for project Exercise11 ****
make all 
Building file: ../src/Exercise11.cpp
Invoking: GCC C++ Compiler
g++ -O0 -g3 -Wall -c -fmessage-length=0 -MMD -MP -MF"src/Exercise11.d" -MT"src/Exercise11.o" -o "src/Exercise11.o" "../src/Exercise11.cpp"
Finished building: ../src/Exercise11.cpp
 
Building target: Exercise11
Invoking: MacOS X C++ Linker
g++  -o "Exercise11"  ./src/Exercise11.o   
Finished building target: Exercise11
 
01:17:35 **** Incremental Build of configuration Debug for project Exercise11 ****
make all 
make: Nothing to be done for `all'.
01:17:47 **** Incremental Build of configuration Debug for project Exercise11 ****
make all 
Building file: ../src/Exercise11.cpp
Invoking: GCC C++ Compiler
g++ -O0 -g3 -Wall -c -fmessage-length=0 -MMD -MP -MF"src/Exercise11.d" -MT"src/Exercise11.o" -o "src/Exercise11.o" "../src/Exercise11.cpp"
Finished building: ../src/Exercise11.cpp
 
Building target: Exercise11
Invoking: MacOS X C++ Linker
g++  -o "Exercise11"  ./src/Exercise11.o   
Finished building target: Exercise11
 
01:18:00 **** Incremental Build of configuration Debug for project Exercise11 ****
make all 
Building file: ../src/Exercise11.cpp
Invoking: GCC C++ Compiler
g++ -O0 -g3 -Wall -c -fmessage-length=0 -MMD -MP -MF"src/Exercise11.d" -MT"src/Exercise11.o" -o "src/Exercise11.o" "../src/Exercise11.cpp"
Finished building: ../src/Exercise11.cpp
 
Building target: Exercise11
Invoking: MacOS X C++ Linker
g++  -o "Exercise11"  ./src/Exercise11.o   
Finished building target: Exercise11
 
01:18:51 **** Incremental Build of configuration Debug for project Exercise11 ****
make all 
Building file: ../src/Exercise11.cpp
Invoking: GCC C++ Compiler
g++ -O0 -g3 -Wall -c -fmessage-length=0 -MMD -MP -MF"src/Exercise11.d" -MT"src/Exercise11.o" -o "src/Exercise11.o" "../src/Exercise11.cpp"
Finished building: ../src/Exercise11.cpp
 
Building target: Exercise11
Invoking: MacOS X C++ Linker
g++  -o "Exercise11"  ./src/Exercise11.o   
Finished building target: Exercise11
 
01:19:58 **** Incremental Build of configuration Debug for project Exercise11 ****
make all 
Building file: ../src/Exercise11.cpp
Invoking: GCC C++ Compiler
g++ -O0 -g3 -Wall -c -fmessage-length=0 -MMD -MP -MF"src/Exercise11.d" -MT"src/Exercise11.o" -o "src/Exercise11.o" "../src/Exercise11.cpp"
Finished building: ../src/Exercise11.cpp
 
Building target: Exercise11
Invoking: MacOS X C++ Linker
g++  -o "Exercise11"  ./src/Exercise11.o   
Finished building target: Exercise11
 
01:20:11 **** Incremental Build of configuration Debug for project Exercise11 ****
make all 
Building file: ../src/Exercise11.cpp
Invoking: GCC C++ Compiler
g++ -O0 -g3 -Wall -c -fmessage-length=0 -MMD -MP -MF"src/Exercise11.d" -MT"src/Exercise11.o" -o "src/Exercise11.o" "../src/Exercise11.cpp"
Finished building: ../src/Exercise11.cpp
 
Building target: Exercise11
Invoking: MacOS X C++ Linker
g++  -o "Exercise11"  ./src/Exercise11.o   
Finished building target: Exercise11
 
01:20:28 **** Incremental Build of configuration Debug for project Exercise11 ****
make all 
Building file: ../src/Exercise11.cpp
Invoking: GCC C++ Compiler
g++ -O0 -g3 -Wall -c -fmessage-length=0 -MMD -MP -MF"src/Exercise11.d" -MT"src/Exercise11.o" -o "src/Exercise11.o" "../src/Exercise11.cpp"
Finished building: ../src/Exercise11.cpp
 
Building target: Exercise11
Invoking: MacOS X C++ Linker
g++  -o "Exercise11"  ./src/Exercise11.o   
Finished building target: Exercise11
 
01:20:59 **** Incremental Build of configuration Debug for project Exercise11 ****
make all 
Building file: ../src/Exercise11.cpp
Invoking: GCC C++ Compiler
g++ -O0 -g3 -Wall -c -fmessage-length=0 -MMD -MP -MF"src/Exercise11.d" -MT"src/Exercise11.o" -o "src/Exercise11.o" "../src/Exercise11.cpp"
Finished building: ../src/Exercise11.cpp
 
Building target: Exercise11
Invoking: MacOS X C++ Linker
g++  -o "Exercise11"  ./src/Exercise11.o   
Finished building target: Exercise11
 
01:21:52 **** Incremental Build of configuration Debug for project Exercise11 ****
make all 
Building file: ../src/Exercise11.cpp
Invoking: GCC C++ Compiler
g++ -O0 -g3 -Wall -c -fmessage-length=0 -MMD -MP -MF"src/Exercise11.d" -MT"src/Exercise11.o" -o "src/Exercise11.o" "../src/Exercise11.cpp"
../src/Exercise11.cpp:11:13: warning: unused variable '_0_0_0_0_0_0_0_0' [-Wunused-variable]
const char *_0_0_0_0_0_0_0_0 = "0 0 0 0 0 0 0 0";
            ^
1 warning generated.
Finished building: ../src/Exercise11.cpp
 
Building target: Exercise11
Invoking: MacOS X C++ Linker
g++  -o "Exercise11"  ./src/Exercise11.o   
Finished building target: Exercise11
 
01:22:13 **** Incremental Build of configuration Debug for project Exercise11 ****
make all 
Building file: ../src/Exercise11.cpp
Invoking: GCC C++ Compiler
g++ -O0 -g3 -Wall -c -fmessage-length=0 -MMD -MP -MF"src/Exercise11.d" -MT"src/Exercise11.o" -o "src/Exercise11.o" "../src/Exercise11.cpp"
../src/Exercise11.cpp:11:13: warning: unused variable '_0_0_0_0_0_0_0_0' [-Wunused-variable]
const char *_0_0_0_0_0_0_0_0 = "0 0 0 0 0 0 0 0";
            ^
1 warning generated.
Finished building: ../src/Exercise11.cpp
 
Building target: Exercise11
Invoking: MacOS X C++ Linker
g++  -o "Exercise11"  ./src/Exercise11.o   
Finished building target: Exercise11
 
01:22:45 **** Incremental Build of configuration Debug for project Exercise11 ****
make all 
Building file: ../src/Exercise11.cpp
Invoking: GCC C++ Compiler
g++ -O0 -g3 -Wall -c -fmessage-length=0 -MMD -MP -MF"src/Exercise11.d" -MT"src/Exercise11.o" -o "src/Exercise11.o" "../src/Exercise11.cpp"
Finished building: ../src/Exercise11.cpp
 
Building target: Exercise11
Invoking: MacOS X C++ Linker
g++  -o "Exercise11"  ./src/Exercise11.o   
Finished building target: Exercise11
 
01:24:19 **** Incremental Build of configuration Debug for project Exercise11 ****
make all 
Building file: ../src/Exercise11.cpp
Invoking: GCC C++ Compiler
g++ -O0 -g3 -Wall -c -fmessage-length=0 -MMD -MP -MF"src/Exercise11.d" -MT"src/Exercise11.o" -o "src/Exercise11.o" "../src/Exercise11.cpp"
Finished building: ../src/Exercise11.cpp
 
Building target: Exercise11
Invoking: MacOS X C++ Linker
g++  -o "Exercise11"  ./src/Exercise11.o   
Finished building target: Exercise11
 
01:26:09 **** Incremental Build of configuration Debug for project Exercise11 ****
make all 
Building file: ../src/Exercise11.cpp
Invoking: GCC C++ Compiler
g++ -O0 -g3 -Wall -c -fmessage-length=0 -MMD -MP -MF"src/Exercise11.d" -MT"src/Exercise11.o" -o "src/Exercise11.o" "../src/Exercise11.cpp"
Finished building: ../src/Exercise11.cpp
 
Building target: Exercise11
Invoking: MacOS X C++ Linker
g++  -o "Exercise11"  ./src/Exercise11.o   
Finished building target: Exercise11
 
01:27:40 **** Incremental Build of configuration Debug for project Exercise11 ****
make all 
Building file: ../src/Exercise11.cpp
Invoking: GCC C++ Compiler
g++ -O0 -g3 -Wall -c -fmessage-length=0 -MMD -MP -MF"src/Exercise11.d" -MT"src/Exercise11.o" -o "src/Exercise11.o" "../src/Exercise11.cpp"
Finished building: ../src/Exercise11.cpp
 
Building target: Exercise11
Invoking: MacOS X C++ Linker
g++  -o "Exercise11"  ./src/Exercise11.o   
Finished building target: Exercise11
 
01:28:32 **** Incremental Build of configuration Debug for project Exercise11 ****
make all 
Building file: ../src/Exercise11.cpp
Invoking: GCC C++ Compiler
g++ -O0 -g3 -Wall -c -fmessage-length=0 -MMD -MP -MF"src/Exercise11.d" -MT"src/Exercise11.o" -o "src/Exercise11.o" "../src/Exercise11.cpp"
Finished building: ../src/Exercise11.cpp
 
Building target: Exercise11
Invoking: MacOS X C++ Linker
g++  -o "Exercise11"  ./src/Exercise11.o   
Finished building target: Exercise11
 
01:29:01 **** Incremental Build of configuration Debug for project Exercise11 ****
make all 
Building file: ../src/Exercise11.cpp
Invoking: GCC C++ Compiler
g++ -O0 -g3 -Wall -c -fmessage-length=0 -MMD -MP -MF"src/Exercise11.d" -MT"src/Exercise11.o" -o "src/Exercise11.o" "../src/Exercise11.cpp"
Finished building: ../src/Exercise11.cpp
 
Building target: Exercise11
Invoking: MacOS X C++ Linker
g++  -o "Exercise11"  ./src/Exercise11.o   
Finished building target: Exercise11
 
16:10:37 **** Incremental Build of configuration Debug for project Exercise11 ****
make all 
Building file: ../src/Exercise11.cpp
Invoking: GCC C++ Compiler
g++ -O0 -g3 -Wall -c -fmessage-length=0 -MMD -MP -MF"src/Exercise11.d" -MT"src/Exercise11.o" -o "src/Exercise11.o" "../src/Exercise11.cpp"
Finished building: ../src/Exercise11.cpp
 
Building target: Exercise11
Invoking: MacOS X C++ Linker
g++  -o "Exercise11"  ./src/Exercise11.o   
Finished building target: Exercise11
 
16:10:52 **** Incremental Build of configuration Debug for project Exercise11 ****
make all 
make: Nothing to be done for `all'.
16:10:52 **** Build of configuration Debug for project Exercise12 ****
make all 
Building file: ../src/Exercise12.cpp
Invoking: GCC C++ Compiler
g++ -O0 -g3 -Wall -c -fmessage-length=0 -MMD -MP -MF"src/Exercise12.d" -MT"src/Exercise12.o" -o "src/Exercise12.o" "../src/Exercise12.cpp"
Finished building: ../src/Exercise12.cpp
 
Building target: Exercise12
Invoking: MacOS X C++ Linker
g++  -o "Exercise12"  ./src/Exercise12.o   
Finished building target: Exercise12
 
16:11:01 **** Incremental Build of configuration Debug for project Exercise12 ****
make all 
make: Nothing to be done for `all'.
16:11:32 **** Incremental Build of configuration Debug for project Exercise12 ****
make all 
Building file: ../src/Exercise12.cpp
Invoking: GCC C++ Compiler
g++ -O0 -g3 -Wall -c -fmessage-length=0 -MMD -MP -MF"src/Exercise12.d" -MT"src/Exercise12.o" -o "src/Exercise12.o" "../src/Exercise12.cpp"
Finished building: ../src/Exercise12.cpp
 
Building target: Exercise12
Invoking: MacOS X C++ Linker
g++  -o "Exercise12"  ./src/Exercise12.o   
Finished building target: Exercise12
 
16:11:49 **** Incremental Build of configuration Debug for project Exercise11 ****
make all 
make: Nothing to be done for `all'.
16:11:49 **** Incremental Build of configuration Debug for project Exercise12 ****
make all 
make: Nothing to be done for `all'.
16:11:52 **** Incremental Build of configuration Debug for project Exercise12 ****
make all 
make: Nothing to be done for `all'.
16:11:55 **** Incremental Build of configuration Debug for project Exercise12 ****
make all 
make: Nothing to be done for `all'.
16:11:57 **** Incremental Build of configuration Debug for project Exercise12 ****
make all 
make: Nothing to be done for `all'.
16:11:59 **** Incremental Build of configuration Debug for project Exercise12 ****
make all 
make: Nothing to be done for `all'.
16:12:12 **** Incremental Build of configuration Debug for project Exercise12 ****
make all 
make: Nothing to be done for `all'.
16:13:40 **** Incremental Build of configuration Debug for project Exercise12 ****
make all 
make: Nothing to be done for `all'.
16:27:05 **** Incremental Build of configuration Debug for project Exercise12 ****
make all 
Building file: ../src/Exercise12.cpp
Invoking: GCC C++ Compiler
g++ -O0 -g3 -Wall -c -fmessage-length=0 -MMD -MP -MF"src/Exercise12.d" -MT"src/Exercise12.o" -o "src/Exercise12.o" "../src/Exercise12.cpp"
Finished building: ../src/Exercise12.cpp
 
Building target: Exercise12
Invoking: MacOS X C++ Linker
g++  -o "Exercise12"  ./src/Exercise12.o   
Finished building target: Exercise12
 
16:27:13 **** Incremental Build of configuration Debug for project Exercise12 ****
make all 
Building file: ../src/Exercise12.cpp
Invoking: GCC C++ Compiler
g++ -O0 -g3 -Wall -c -fmessage-length=0 -MMD -MP -MF"src/Exercise12.d" -MT"src/Exercise12.o" -o "src/Exercise12.o" "../src/Exercise12.cpp"
Finished building: ../src/Exercise12.cpp
 
Building target: Exercise12
Invoking: MacOS X C++ Linker
g++  -o "Exercise12"  ./src/Exercise12.o   
Finished building target: Exercise12
 
16:30:32 **** Incremental Build of configuration Debug for project Exercise12 ****
make all 
Building file: ../src/Exercise12.cpp
Invoking: GCC C++ Compiler
g++ -O0 -g3 -Wall -c -fmessage-length=0 -MMD -MP -MF"src/Exercise12.d" -MT"src/Exercise12.o" -o "src/Exercise12.o" "../src/Exercise12.cpp"
Finished building: ../src/Exercise12.cpp
 
Building target: Exercise12
Invoking: MacOS X C++ Linker
g++  -o "Exercise12"  ./src/Exercise12.o   
Finished building target: Exercise12
 
16:30:47 **** Incremental Build of configuration Debug for project Exercise12 ****
make all 
Building file: ../src/Exercise12.cpp
Invoking: GCC C++ Compiler
g++ -O0 -g3 -Wall -c -fmessage-length=0 -MMD -MP -MF"src/Exercise12.d" -MT"src/Exercise12.o" -o "src/Exercise12.o" "../src/Exercise12.cpp"
Finished building: ../src/Exercise12.cpp
 
Building target: Exercise12
Invoking: MacOS X C++ Linker
g++  -o "Exercise12"  ./src/Exercise12.o   
Finished building target: Exercise12
 
16:31:16 **** Incremental Build of configuration Debug for project Exercise12 ****
make all 
Building file: ../src/Exercise12.cpp
Invoking: GCC C++ Compiler
g++ -O0 -g3 -Wall -c -fmessage-length=0 -MMD -MP -MF"src/Exercise12.d" -MT"src/Exercise12.o" -o "src/Exercise12.o" "../src/Exercise12.cpp"
Finished building: ../src/Exercise12.cpp
 
Building target: Exercise12
Invoking: MacOS X C++ Linker
g++  -o "Exercise12"  ./src/Exercise12.o   
Finished building target: Exercise12
 
16:31:29 **** Incremental Build of configuration Debug for project Exercise12 ****
make all 
Building file: ../src/Exercise12.cpp
Invoking: GCC C++ Compiler
g++ -O0 -g3 -Wall -c -fmessage-length=0 -MMD -MP -MF"src/Exercise12.d" -MT"src/Exercise12.o" -o "src/Exercise12.o" "../src/Exercise12.cpp"
Finished building: ../src/Exercise12.cpp
 
Building target: Exercise12
Invoking: MacOS X C++ Linker
g++  -o "Exercise12"  ./src/Exercise12.o   
Finished building target: Exercise12
 
16:33:38 **** Incremental Build of configuration Debug for project Exercise12 ****
make all 
Building file: ../src/Exercise12.cpp
Invoking: GCC C++ Compiler
g++ -O0 -g3 -Wall -c -fmessage-length=0 -MMD -MP -MF"src/Exercise12.d" -MT"src/Exercise12.o" -o "src/Exercise12.o" "../src/Exercise12.cpp"
Finished building: ../src/Exercise12.cpp
 
Building target: Exercise12
Invoking: MacOS X C++ Linker
g++  -o "Exercise12"  ./src/Exercise12.o   
Finished building target: Exercise12
 
16:57:36 **** Incremental Build of configuration Debug for project Exercise12 ****
make all 
Building file: ../src/Exercise12.cpp
Invoking: GCC C++ Compiler
g++ -O0 -g3 -Wall -c -fmessage-length=0 -MMD -MP -MF"src/Exercise12.d" -MT"src/Exercise12.o" -o "src/Exercise12.o" "../src/Exercise12.cpp"
Finished building: ../src/Exercise12.cpp
 
Building target: Exercise12
Invoking: MacOS X C++ Linker
g++  -o "Exercise12"  ./src/Exercise12.o   
Finished building target: Exercise12
 
16:58:18 **** Incremental Build of configuration Debug for project Exercise12 ****
make all 
Building file: ../src/Exercise12.cpp
Invoking: GCC C++ Compiler
g++ -O0 -g3 -Wall -c -fmessage-length=0 -MMD -MP -MF"src/Exercise12.d" -MT"src/Exercise12.o" -o "src/Exercise12.o" "../src/Exercise12.cpp"
Finished building: ../src/Exercise12.cpp
 
Building target: Exercise12
Invoking: MacOS X C++ Linker
g++  -o "Exercise12"  ./src/Exercise12.o   
Finished building target: Exercise12
 
16:58:55 **** Incremental Build of configuration Debug for project Exercise12 ****
make all 
Building file: ../src/Exercise12.cpp
Invoking: GCC C++ Compiler
g++ -O0 -g3 -Wall -c -fmessage-length=0 -MMD -MP -MF"src/Exercise12.d" -MT"src/Exercise12.o" -o "src/Exercise12.o" "../src/Exercise12.cpp"
../src/Exercise12.cpp:39:21: error: expected expression
                        if(j>10 &&){
                                  ^
1 error generated.
make: *** [src/Exercise12.o] Error 1
"make all" terminated with exit code 2. Build might be incomplete.
16:59:07 **** Incremental Build of configuration Debug for project Exercise12 ****
make all 
Building file: ../src/Exercise12.cpp
Invoking: GCC C++ Compiler
g++ -O0 -g3 -Wall -c -fmessage-length=0 -MMD -MP -MF"src/Exercise12.d" -MT"src/Exercise12.o" -o "src/Exercise12.o" "../src/Exercise12.cpp"
Finished building: ../src/Exercise12.cpp
 
Building target: Exercise12
Invoking: MacOS X C++ Linker
g++  -o "Exercise12"  ./src/Exercise12.o   
Finished building target: Exercise12
 
16:59:14 **** Incremental Build of configuration Debug for project Exercise12 ****
make all 
Building file: ../src/Exercise12.cpp
Invoking: GCC C++ Compiler
g++ -O0 -g3 -Wall -c -fmessage-length=0 -MMD -MP -MF"src/Exercise12.d" -MT"src/Exercise12.o" -o "src/Exercise12.o" "../src/Exercise12.cpp"
Finished building: ../src/Exercise12.cpp
 
Building target: Exercise12
Invoking: MacOS X C++ Linker
g++  -o "Exercise12"  ./src/Exercise12.o   
Finished building target: Exercise12
 
16:59:44 **** Incremental Build of configuration Debug for project Exercise12 ****
make all 
Building file: ../src/Exercise12.cpp
Invoking: GCC C++ Compiler
g++ -O0 -g3 -Wall -c -fmessage-length=0 -MMD -MP -MF"src/Exercise12.d" -MT"src/Exercise12.o" -o "src/Exercise12.o" "../src/Exercise12.cpp"
Finished building: ../src/Exercise12.cpp
 
Building target: Exercise12
Invoking: MacOS X C++ Linker
g++  -o "Exercise12"  ./src/Exercise12.o   
Finished building target: Exercise12
 
16:59:55 **** Incremental Build of configuration Debug for project Exercise12 ****
make all 
Building file: ../src/Exercise12.cpp
Invoking: GCC C++ Compiler
g++ -O0 -g3 -Wall -c -fmessage-length=0 -MMD -MP -MF"src/Exercise12.d" -MT"src/Exercise12.o" -o "src/Exercise12.o" "../src/Exercise12.cpp"
Finished building: ../src/Exercise12.cpp
 
Building target: Exercise12
Invoking: MacOS X C++ Linker
g++  -o "Exercise12"  ./src/Exercise12.o   
Finished building target: Exercise12
 
17:00:11 **** Incremental Build of configuration Debug for project Exercise12 ****
make all 
Building file: ../src/Exercise12.cpp
Invoking: GCC C++ Compiler
g++ -O0 -g3 -Wall -c -fmessage-length=0 -MMD -MP -MF"src/Exercise12.d" -MT"src/Exercise12.o" -o "src/Exercise12.o" "../src/Exercise12.cpp"
Finished building: ../src/Exercise12.cpp
 
Building target: Exercise12
Invoking: MacOS X C++ Linker
g++  -o "Exercise12"  ./src/Exercise12.o   
Finished building target: Exercise12
 
17:00:43 **** Incremental Build of configuration Debug for project Exercise12 ****
make all 
Building file: ../src/Exercise12.cpp
Invoking: GCC C++ Compiler
g++ -O0 -g3 -Wall -c -fmessage-length=0 -MMD -MP -MF"src/Exercise12.d" -MT"src/Exercise12.o" -o "src/Exercise12.o" "../src/Exercise12.cpp"
Finished building: ../src/Exercise12.cpp
 
Building target: Exercise12
Invoking: MacOS X C++ Linker
g++  -o "Exercise12"  ./src/Exercise12.o   
Finished building target: Exercise12
 
17:00:47 **** Incremental Build of configuration Debug for project Exercise12 ****
make all 
make: Nothing to be done for `all'.
17:01:01 **** Incremental Build of configuration Debug for project Exercise12 ****
make all 
Building file: ../src/Exercise12.cpp
Invoking: GCC C++ Compiler
g++ -O0 -g3 -Wall -c -fmessage-length=0 -MMD -MP -MF"src/Exercise12.d" -MT"src/Exercise12.o" -o "src/Exercise12.o" "../src/Exercise12.cpp"
Finished building: ../src/Exercise12.cpp
 
Building target: Exercise12
Invoking: MacOS X C++ Linker
g++  -o "Exercise12"  ./src/Exercise12.o   
Finished building target: Exercise12
 
17:32:01 **** Incremental Build of configuration Debug for project Exercise12 ****
make all 
Building file: ../src/Exercise12.cpp
Invoking: GCC C++ Compiler
g++ -O0 -g3 -Wall -c -fmessage-length=0 -MMD -MP -MF"src/Exercise12.d" -MT"src/Exercise12.o" -o "src/Exercise12.o" "../src/Exercise12.cpp"
Finished building: ../src/Exercise12.cpp
 
Building target: Exercise12
Invoking: MacOS X C++ Linker
g++  -o "Exercise12"  ./src/Exercise12.o   
Finished building target: Exercise12
 
18:08:39 **** Incremental Build of configuration Debug for project Exercise12 ****
make all 
Building file: ../src/Exercise12.cpp
Invoking: GCC C++ Compiler
g++ -O0 -g3 -Wall -c -fmessage-length=0 -MMD -MP -MF"src/Exercise12.d" -MT"src/Exercise12.o" -o "src/Exercise12.o" "../src/Exercise12.cpp"
Finished building: ../src/Exercise12.cpp
 
Building target: Exercise12
Invoking: MacOS X C++ Linker
g++  -o "Exercise12"  ./src/Exercise12.o   
Finished building target: Exercise12
 
18:09:38 **** Incremental Build of configuration Debug for project Exercise12 ****
make all 
Building file: ../src/Exercise12.cpp
Invoking: GCC C++ Compiler
g++ -O0 -g3 -Wall -c -fmessage-length=0 -MMD -MP -MF"src/Exercise12.d" -MT"src/Exercise12.o" -o "src/Exercise12.o" "../src/Exercise12.cpp"
Finished building: ../src/Exercise12.cpp
 
Building target: Exercise12
Invoking: MacOS X C++ Linker
g++  -o "Exercise12"  ./src/Exercise12.o   
Finished building target: Exercise12
 
18:10:18 **** Incremental Build of configuration Debug for project Exercise12 ****
make all 
Building file: ../src/Exercise12.cpp
Invoking: GCC C++ Compiler
g++ -O0 -g3 -Wall -c -fmessage-length=0 -MMD -MP -MF"src/Exercise12.d" -MT"src/Exercise12.o" -o "src/Exercise12.o" "../src/Exercise12.cpp"
Finished building: ../src/Exercise12.cpp
 
Building target: Exercise12
Invoking: MacOS X C++ Linker
g++  -o "Exercise12"  ./src/Exercise12.o   
Finished building target: Exercise12
 
18:10:29 **** Incremental Build of configuration Debug for project Exercise12 ****
make all 
Building file: ../src/Exercise12.cpp
Invoking: GCC C++ Compiler
g++ -O0 -g3 -Wall -c -fmessage-length=0 -MMD -MP -MF"src/Exercise12.d" -MT"src/Exercise12.o" -o "src/Exercise12.o" "../src/Exercise12.cpp"
Finished building: ../src/Exercise12.cpp
 
Building target: Exercise12
Invoking: MacOS X C++ Linker
g++  -o "Exercise12"  ./src/Exercise12.o   
Finished building target: Exercise12
 
18:10:38 **** Incremental Build of configuration Debug for project Exercise12 ****
make all 
Building file: ../src/Exercise12.cpp
Invoking: GCC C++ Compiler
g++ -O0 -g3 -Wall -c -fmessage-length=0 -MMD -MP -MF"src/Exercise12.d" -MT"src/Exercise12.o" -o "src/Exercise12.o" "../src/Exercise12.cpp"
Finished building: ../src/Exercise12.cpp
 
Building target: Exercise12
Invoking: MacOS X C++ Linker
g++  -o "Exercise12"  ./src/Exercise12.o   
Finished building target: Exercise12
 
18:11:09 **** Incremental Build of configuration Debug for project Exercise12 ****
make all 
Building file: ../src/Exercise12.cpp
Invoking: GCC C++ Compiler
g++ -O0 -g3 -Wall -c -fmessage-length=0 -MMD -MP -MF"src/Exercise12.d" -MT"src/Exercise12.o" -o "src/Exercise12.o" "../src/Exercise12.cpp"
Finished building: ../src/Exercise12.cpp
 
Building target: Exercise12
Invoking: MacOS X C++ Linker
g++  -o "Exercise12"  ./src/Exercise12.o   
Finished building target: Exercise12
 
18:11:29 **** Incremental Build of configuration Debug for project Exercise12 ****
make all 
Building file: ../src/Exercise12.cpp
Invoking: GCC C++ Compiler
g++ -O0 -g3 -Wall -c -fmessage-length=0 -MMD -MP -MF"src/Exercise12.d" -MT"src/Exercise12.o" -o "src/Exercise12.o" "../src/Exercise12.cpp"
Finished building: ../src/Exercise12.cpp
 
Building target: Exercise12
Invoking: MacOS X C++ Linker
g++  -o "Exercise12"  ./src/Exercise12.o   
Finished building target: Exercise12
 
18:11:45 **** Incremental Build of configuration Debug for project Exercise12 ****
make all 
Building file: ../src/Exercise12.cpp
Invoking: GCC C++ Compiler
g++ -O0 -g3 -Wall -c -fmessage-length=0 -MMD -MP -MF"src/Exercise12.d" -MT"src/Exercise12.o" -o "src/Exercise12.o" "../src/Exercise12.cpp"
Finished building: ../src/Exercise12.cpp
 
Building target: Exercise12
Invoking: MacOS X C++ Linker
g++  -o "Exercise12"  ./src/Exercise12.o   
Finished building target: Exercise12
 
18:12:10 **** Incremental Build of configuration Debug for project Exercise12 ****
make all 
Building file: ../src/Exercise12.cpp
Invoking: GCC C++ Compiler
g++ -O0 -g3 -Wall -c -fmessage-length=0 -MMD -MP -MF"src/Exercise12.d" -MT"src/Exercise12.o" -o "src/Exercise12.o" "../src/Exercise12.cpp"
Finished building: ../src/Exercise12.cpp
 
Building target: Exercise12
Invoking: MacOS X C++ Linker
g++  -o "Exercise12"  ./src/Exercise12.o   
Finished building target: Exercise12
 
18:12:22 **** Incremental Build of configuration Debug for project Exercise12 ****
make all 
Building file: ../src/Exercise12.cpp
Invoking: GCC C++ Compiler
g++ -O0 -g3 -Wall -c -fmessage-length=0 -MMD -MP -MF"src/Exercise12.d" -MT"src/Exercise12.o" -o "src/Exercise12.o" "../src/Exercise12.cpp"
Finished building: ../src/Exercise12.cpp
 
Building target: Exercise12
Invoking: MacOS X C++ Linker
g++  -o "Exercise12"  ./src/Exercise12.o   
Finished building target: Exercise12
 
18:12:38 **** Incremental Build of configuration Debug for project Exercise12 ****
make all 
Building file: ../src/Exercise12.cpp
Invoking: GCC C++ Compiler
g++ -O0 -g3 -Wall -c -fmessage-length=0 -MMD -MP -MF"src/Exercise12.d" -MT"src/Exercise12.o" -o "src/Exercise12.o" "../src/Exercise12.cpp"
Finished building: ../src/Exercise12.cpp
 
Building target: Exercise12
Invoking: MacOS X C++ Linker
g++  -o "Exercise12"  ./src/Exercise12.o   
Finished building target: Exercise12
 
18:13:17 **** Incremental Build of configuration Debug for project Exercise12 ****
make all 
Building file: ../src/Exercise12.cpp
Invoking: GCC C++ Compiler
g++ -O0 -g3 -Wall -c -fmessage-length=0 -MMD -MP -MF"src/Exercise12.d" -MT"src/Exercise12.o" -o "src/Exercise12.o" "../src/Exercise12.cpp"
Finished building: ../src/Exercise12.cpp
 
Building target: Exercise12
Invoking: MacOS X C++ Linker
g++  -o "Exercise12"  ./src/Exercise12.o   
Finished building target: Exercise12
 
18:13:28 **** Incremental Build of configuration Debug for project Exercise12 ****
make all 
Building file: ../src/Exercise12.cpp
Invoking: GCC C++ Compiler
g++ -O0 -g3 -Wall -c -fmessage-length=0 -MMD -MP -MF"src/Exercise12.d" -MT"src/Exercise12.o" -o "src/Exercise12.o" "../src/Exercise12.cpp"
Finished building: ../src/Exercise12.cpp
 
Building target: Exercise12
Invoking: MacOS X C++ Linker
g++  -o "Exercise12"  ./src/Exercise12.o   
Finished building target: Exercise12
 
18:13:46 **** Incremental Build of configuration Debug for project Exercise12 ****
make all 
Building file: ../src/Exercise12.cpp
Invoking: GCC C++ Compiler
g++ -O0 -g3 -Wall -c -fmessage-length=0 -MMD -MP -MF"src/Exercise12.d" -MT"src/Exercise12.o" -o "src/Exercise12.o" "../src/Exercise12.cpp"
Finished building: ../src/Exercise12.cpp
 
Building target: Exercise12
Invoking: MacOS X C++ Linker
g++  -o "Exercise12"  ./src/Exercise12.o   
Finished building target: Exercise12
 
18:13:52 **** Incremental Build of configuration Debug for project Exercise12 ****
make all 
Building file: ../src/Exercise12.cpp
Invoking: GCC C++ Compiler
g++ -O0 -g3 -Wall -c -fmessage-length=0 -MMD -MP -MF"src/Exercise12.d" -MT"src/Exercise12.o" -o "src/Exercise12.o" "../src/Exercise12.cpp"
Finished building: ../src/Exercise12.cpp
 
Building target: Exercise12
Invoking: MacOS X C++ Linker
g++  -o "Exercise12"  ./src/Exercise12.o   
Finished building target: Exercise12
 
18:14:05 **** Incremental Build of configuration Debug for project Exercise12 ****
make all 
Building file: ../src/Exercise12.cpp
Invoking: GCC C++ Compiler
g++ -O0 -g3 -Wall -c -fmessage-length=0 -MMD -MP -MF"src/Exercise12.d" -MT"src/Exercise12.o" -o "src/Exercise12.o" "../src/Exercise12.cpp"
../src/Exercise12.cpp:52:20: warning: logical not is only applied to the left hand side of this comparison [-Wlogical-not-parentheses]
        return (num==0 || !num>=0);
                          ^   ~~
../src/Exercise12.cpp:52:20: note: add parentheses after the '!' to evaluate the comparison first
        return (num==0 || !num>=0);
                          ^
                           (     )
../src/Exercise12.cpp:52:20: note: add parentheses around left hand side expression to silence this warning
        return (num==0 || !num>=0);
                          ^
                          (   )
../src/Exercise12.cpp:52:24: warning: result of comparison of constant 0 with expression of type 'bool' is always true [-Wtautological-constant-compare]
        return (num==0 || !num>=0);
                          ~~~~^ ~
2 warnings generated.
Finished building: ../src/Exercise12.cpp
 
Building target: Exercise12
Invoking: MacOS X C++ Linker
g++  -o "Exercise12"  ./src/Exercise12.o   
Finished building target: Exercise12
 
18:14:15 **** Incremental Build of configuration Debug for project Exercise12 ****
make all 
Building file: ../src/Exercise12.cpp
Invoking: GCC C++ Compiler
g++ -O0 -g3 -Wall -c -fmessage-length=0 -MMD -MP -MF"src/Exercise12.d" -MT"src/Exercise12.o" -o "src/Exercise12.o" "../src/Exercise12.cpp"
Finished building: ../src/Exercise12.cpp
 
Building target: Exercise12
Invoking: MacOS X C++ Linker
g++  -o "Exercise12"  ./src/Exercise12.o   
Finished building target: Exercise12
 
18:14:32 **** Incremental Build of configuration Debug for project Exercise12 ****
make all 
Building file: ../src/Exercise12.cpp
Invoking: GCC C++ Compiler
g++ -O0 -g3 -Wall -c -fmessage-length=0 -MMD -MP -MF"src/Exercise12.d" -MT"src/Exercise12.o" -o "src/Exercise12.o" "../src/Exercise12.cpp"
Finished building: ../src/Exercise12.cpp
 
Building target: Exercise12
Invoking: MacOS X C++ Linker
g++  -o "Exercise12"  ./src/Exercise12.o   
Finished building target: Exercise12
 
18:14:42 **** Incremental Build of configuration Debug for project Exercise12 ****
make all 
Building file: ../src/Exercise12.cpp
Invoking: GCC C++ Compiler
g++ -O0 -g3 -Wall -c -fmessage-length=0 -MMD -MP -MF"src/Exercise12.d" -MT"src/Exercise12.o" -o "src/Exercise12.o" "../src/Exercise12.cpp"
Finished building: ../src/Exercise12.cpp
 
Building target: Exercise12
Invoking: MacOS X C++ Linker
g++  -o "Exercise12"  ./src/Exercise12.o   
Finished building target: Exercise12
 
18:15:14 **** Incremental Build of configuration Debug for project Exercise12 ****
make all 
Building file: ../src/Exercise12.cpp
Invoking: GCC C++ Compiler
g++ -O0 -g3 -Wall -c -fmessage-length=0 -MMD -MP -MF"src/Exercise12.d" -MT"src/Exercise12.o" -o "src/Exercise12.o" "../src/Exercise12.cpp"
Finished building: ../src/Exercise12.cpp
 
Building target: Exercise12
Invoking: MacOS X C++ Linker
g++  -o "Exercise12"  ./src/Exercise12.o   
Finished building target: Exercise12
 
18:15:37 **** Incremental Build of configuration Debug for project Exercise12 ****
make all 
Building file: ../src/Exercise12.cpp
Invoking: GCC C++ Compiler
g++ -O0 -g3 -Wall -c -fmessage-length=0 -MMD -MP -MF"src/Exercise12.d" -MT"src/Exercise12.o" -o "src/Exercise12.o" "../src/Exercise12.cpp"
Finished building: ../src/Exercise12.cpp
 
Building target: Exercise12
Invoking: MacOS X C++ Linker
g++  -o "Exercise12"  ./src/Exercise12.o   
Finished building target: Exercise12
 
18:15:55 **** Incremental Build of configuration Debug for project Exercise12 ****
make all 
Building file: ../src/Exercise12.cpp
Invoking: GCC C++ Compiler
g++ -O0 -g3 -Wall -c -fmessage-length=0 -MMD -MP -MF"src/Exercise12.d" -MT"src/Exercise12.o" -o "src/Exercise12.o" "../src/Exercise12.cpp"
Finished building: ../src/Exercise12.cpp
 
Building target: Exercise12
Invoking: MacOS X C++ Linker
g++  -o "Exercise12"  ./src/Exercise12.o   
Finished building target: Exercise12
 
18:16:05 **** Incremental Build of configuration Debug for project Exercise12 ****
make all 
Building file: ../src/Exercise12.cpp
Invoking: GCC C++ Compiler
g++ -O0 -g3 -Wall -c -fmessage-length=0 -MMD -MP -MF"src/Exercise12.d" -MT"src/Exercise12.o" -o "src/Exercise12.o" "../src/Exercise12.cpp"
Finished building: ../src/Exercise12.cpp
 
Building target: Exercise12
Invoking: MacOS X C++ Linker
g++  -o "Exercise12"  ./src/Exercise12.o   
Finished building target: Exercise12
 
18:16:17 **** Incremental Build of configuration Debug for project Exercise12 ****
make all 
Building file: ../src/Exercise12.cpp
Invoking: GCC C++ Compiler
g++ -O0 -g3 -Wall -c -fmessage-length=0 -MMD -MP -MF"src/Exercise12.d" -MT"src/Exercise12.o" -o "src/Exercise12.o" "../src/Exercise12.cpp"
Finished building: ../src/Exercise12.cpp
 
Building target: Exercise12
Invoking: MacOS X C++ Linker
g++  -o "Exercise12"  ./src/Exercise12.o   
Finished building target: Exercise12
 
18:16:26 **** Incremental Build of configuration Debug for project Exercise12 ****
make all 
Building file: ../src/Exercise12.cpp
Invoking: GCC C++ Compiler
g++ -O0 -g3 -Wall -c -fmessage-length=0 -MMD -MP -MF"src/Exercise12.d" -MT"src/Exercise12.o" -o "src/Exercise12.o" "../src/Exercise12.cpp"
Finished building: ../src/Exercise12.cpp
 
Building target: Exercise12
Invoking: MacOS X C++ Linker
g++  -o "Exercise12"  ./src/Exercise12.o   
Finished building target: Exercise12
 
18:16:42 **** Incremental Build of configuration Debug for project Exercise12 ****
make all 
Building file: ../src/Exercise12.cpp
Invoking: GCC C++ Compiler
g++ -O0 -g3 -Wall -c -fmessage-length=0 -MMD -MP -MF"src/Exercise12.d" -MT"src/Exercise12.o" -o "src/Exercise12.o" "../src/Exercise12.cpp"
Finished building: ../src/Exercise12.cpp
 
Building target: Exercise12
Invoking: MacOS X C++ Linker
g++  -o "Exercise12"  ./src/Exercise12.o   
Finished building target: Exercise12
 
18:17:03 **** Incremental Build of configuration Debug for project Exercise12 ****
make all 
Building file: ../src/Exercise12.cpp
Invoking: GCC C++ Compiler
g++ -O0 -g3 -Wall -c -fmessage-length=0 -MMD -MP -MF"src/Exercise12.d" -MT"src/Exercise12.o" -o "src/Exercise12.o" "../src/Exercise12.cpp"
Finished building: ../src/Exercise12.cpp
 
Building target: Exercise12
Invoking: MacOS X C++ Linker
g++  -o "Exercise12"  ./src/Exercise12.o   
Finished building target: Exercise12
 
18:17:29 **** Incremental Build of configuration Debug for project Exercise12 ****
make all 
Building file: ../src/Exercise12.cpp
Invoking: GCC C++ Compiler
g++ -O0 -g3 -Wall -c -fmessage-length=0 -MMD -MP -MF"src/Exercise12.d" -MT"src/Exercise12.o" -o "src/Exercise12.o" "../src/Exercise12.cpp"
Finished building: ../src/Exercise12.cpp
 
Building target: Exercise12
Invoking: MacOS X C++ Linker
g++  -o "Exercise12"  ./src/Exercise12.o   
Finished building target: Exercise12
 
18:17:40 **** Incremental Build of configuration Debug for project Exercise12 ****
make all 
Building file: ../src/Exercise12.cpp
Invoking: GCC C++ Compiler
g++ -O0 -g3 -Wall -c -fmessage-length=0 -MMD -MP -MF"src/Exercise12.d" -MT"src/Exercise12.o" -o "src/Exercise12.o" "../src/Exercise12.cpp"
Finished building: ../src/Exercise12.cpp
 
Building target: Exercise12
Invoking: MacOS X C++ Linker
g++  -o "Exercise12"  ./src/Exercise12.o   
Finished building target: Exercise12
 
18:20:23 **** Incremental Build of configuration Debug for project Exercise12 ****
make all 
Building file: ../src/Exercise12.cpp
Invoking: GCC C++ Compiler
g++ -O0 -g3 -Wall -c -fmessage-length=0 -MMD -MP -MF"src/Exercise12.d" -MT"src/Exercise12.o" -o "src/Exercise12.o" "../src/Exercise12.cpp"
Finished building: ../src/Exercise12.cpp
 
Building target: Exercise12
Invoking: MacOS X C++ Linker
g++  -o "Exercise12"  ./src/Exercise12.o   
Finished building target: Exercise12
 
18:21:48 **** Incremental Build of configuration Debug for project Exercise12 ****
make all 
Building file: ../src/Exercise12.cpp
Invoking: GCC C++ Compiler
g++ -O0 -g3 -Wall -c -fmessage-length=0 -MMD -MP -MF"src/Exercise12.d" -MT"src/Exercise12.o" -o "src/Exercise12.o" "../src/Exercise12.cpp"
Finished building: ../src/Exercise12.cpp
 
Building target: Exercise12
Invoking: MacOS X C++ Linker
g++  -o "Exercise12"  ./src/Exercise12.o   
Finished building target: Exercise12
 
18:22:44 **** Incremental Build of configuration Debug for project Exercise12 ****
make all 
Building file: ../src/Exercise12.cpp
Invoking: GCC C++ Compiler
g++ -O0 -g3 -Wall -c -fmessage-length=0 -MMD -MP -MF"src/Exercise12.d" -MT"src/Exercise12.o" -o "src/Exercise12.o" "../src/Exercise12.cpp"
Finished building: ../src/Exercise12.cpp
 
Building target: Exercise12
Invoking: MacOS X C++ Linker
g++  -o "Exercise12"  ./src/Exercise12.o   
Finished building target: Exercise12
 
18:22:54 **** Incremental Build of configuration Debug for project Exercise12 ****
make all 
Building file: ../src/Exercise12.cpp
Invoking: GCC C++ Compiler
g++ -O0 -g3 -Wall -c -fmessage-length=0 -MMD -MP -MF"src/Exercise12.d" -MT"src/Exercise12.o" -o "src/Exercise12.o" "../src/Exercise12.cpp"
Finished building: ../src/Exercise12.cpp
 
Building target: Exercise12
Invoking: MacOS X C++ Linker
g++  -o "Exercise12"  ./src/Exercise12.o   
Finished building target: Exercise12
 
18:23:04 **** Incremental Build of configuration Debug for project Exercise12 ****
make all 
Building file: ../src/Exercise12.cpp
Invoking: GCC C++ Compiler
g++ -O0 -g3 -Wall -c -fmessage-length=0 -MMD -MP -MF"src/Exercise12.d" -MT"src/Exercise12.o" -o "src/Exercise12.o" "../src/Exercise12.cpp"
Finished building: ../src/Exercise12.cpp
 
Building target: Exercise12
Invoking: MacOS X C++ Linker
g++  -o "Exercise12"  ./src/Exercise12.o   
Finished building target: Exercise12
 
18:23:28 **** Incremental Build of configuration Debug for project Exercise12 ****
make all 
Building file: ../src/Exercise12.cpp
Invoking: GCC C++ Compiler
g++ -O0 -g3 -Wall -c -fmessage-length=0 -MMD -MP -MF"src/Exercise12.d" -MT"src/Exercise12.o" -o "src/Exercise12.o" "../src/Exercise12.cpp"
Finished building: ../src/Exercise12.cpp
 
Building target: Exercise12
Invoking: MacOS X C++ Linker
g++  -o "Exercise12"  ./src/Exercise12.o   
Finished building target: Exercise12
 
18:23:35 **** Incremental Build of configuration Debug for project Exercise12 ****
make all 
Building file: ../src/Exercise12.cpp
Invoking: GCC C++ Compiler
g++ -O0 -g3 -Wall -c -fmessage-length=0 -MMD -MP -MF"src/Exercise12.d" -MT"src/Exercise12.o" -o "src/Exercise12.o" "../src/Exercise12.cpp"
Finished building: ../src/Exercise12.cpp
 
Building target: Exercise12
Invoking: MacOS X C++ Linker
g++  -o "Exercise12"  ./src/Exercise12.o   
Finished building target: Exercise12
 
18:24:20 **** Incremental Build of configuration Debug for project Exercise12 ****
make all 
Building file: ../src/Exercise12.cpp
Invoking: GCC C++ Compiler
g++ -O0 -g3 -Wall -c -fmessage-length=0 -MMD -MP -MF"src/Exercise12.d" -MT"src/Exercise12.o" -o "src/Exercise12.o" "../src/Exercise12.cpp"
Finished building: ../src/Exercise12.cpp
 
Building target: Exercise12
Invoking: MacOS X C++ Linker
g++  -o "Exercise12"  ./src/Exercise12.o   
Finished building target: Exercise12
 
18:46:46 **** Incremental Build of configuration Debug for project Exercise12 ****
make all 
Building file: ../src/Exercise12.cpp
Invoking: GCC C++ Compiler
g++ -O0 -g3 -Wall -c -fmessage-length=0 -MMD -MP -MF"src/Exercise12.d" -MT"src/Exercise12.o" -o "src/Exercise12.o" "../src/Exercise12.cpp"
Finished building: ../src/Exercise12.cpp
 
Building target: Exercise12
Invoking: MacOS X C++ Linker
g++  -o "Exercise12"  ./src/Exercise12.o   
Finished building target: Exercise12
 
18:47:22 **** Incremental Build of configuration Debug for project Exercise12 ****
make all 
Building file: ../src/Exercise12.cpp
Invoking: GCC C++ Compiler
g++ -O0 -g3 -Wall -c -fmessage-length=0 -MMD -MP -MF"src/Exercise12.d" -MT"src/Exercise12.o" -o "src/Exercise12.o" "../src/Exercise12.cpp"
Finished building: ../src/Exercise12.cpp
 
Building target: Exercise12
Invoking: MacOS X C++ Linker
g++  -o "Exercise12"  ./src/Exercise12.o   
Finished building target: Exercise12
 
18:47:30 **** Incremental Build of configuration Debug for project Exercise12 ****
make all 
Building file: ../src/Exercise12.cpp
Invoking: GCC C++ Compiler
g++ -O0 -g3 -Wall -c -fmessage-length=0 -MMD -MP -MF"src/Exercise12.d" -MT"src/Exercise12.o" -o "src/Exercise12.o" "../src/Exercise12.cpp"
Finished building: ../src/Exercise12.cpp
 
Building target: Exercise12
Invoking: MacOS X C++ Linker
g++  -o "Exercise12"  ./src/Exercise12.o   
Finished building target: Exercise12
 
18:48:11 **** Incremental Build of configuration Debug for project Exercise12 ****
make all 
Building file: ../src/Exercise12.cpp
Invoking: GCC C++ Compiler
g++ -O0 -g3 -Wall -c -fmessage-length=0 -MMD -MP -MF"src/Exercise12.d" -MT"src/Exercise12.o" -o "src/Exercise12.o" "../src/Exercise12.cpp"
Finished building: ../src/Exercise12.cpp
 
Building target: Exercise12
Invoking: MacOS X C++ Linker
g++  -o "Exercise12"  ./src/Exercise12.o   
Finished building target: Exercise12
 
18:48:23 **** Incremental Build of configuration Debug for project Exercise12 ****
make all 
Building file: ../src/Exercise12.cpp
Invoking: GCC C++ Compiler
g++ -O0 -g3 -Wall -c -fmessage-length=0 -MMD -MP -MF"src/Exercise12.d" -MT"src/Exercise12.o" -o "src/Exercise12.o" "../src/Exercise12.cpp"
Finished building: ../src/Exercise12.cpp
 
Building target: Exercise12
Invoking: MacOS X C++ Linker
g++  -o "Exercise12"  ./src/Exercise12.o   
Finished building target: Exercise12
 
18:51:20 **** Incremental Build of configuration Debug for project Exercise12 ****
make all 
Building file: ../src/Exercise12.cpp
Invoking: GCC C++ Compiler
g++ -O0 -g3 -Wall -c -fmessage-length=0 -MMD -MP -MF"src/Exercise12.d" -MT"src/Exercise12.o" -o "src/Exercise12.o" "../src/Exercise12.cpp"
Finished building: ../src/Exercise12.cpp
 
Building target: Exercise12
Invoking: MacOS X C++ Linker
g++  -o "Exercise12"  ./src/Exercise12.o   
Finished building target: Exercise12
 
18:53:06 **** Incremental Build of configuration Debug for project Exercise12 ****
make all 
Building file: ../src/Exercise12.cpp
Invoking: GCC C++ Compiler
g++ -O0 -g3 -Wall -c -fmessage-length=0 -MMD -MP -MF"src/Exercise12.d" -MT"src/Exercise12.o" -o "src/Exercise12.o" "../src/Exercise12.cpp"
Finished building: ../src/Exercise12.cpp
 
Building target: Exercise12
Invoking: MacOS X C++ Linker
g++  -o "Exercise12"  ./src/Exercise12.o   
Finished building target: Exercise12
 
19:04:56 **** Incremental Build of configuration Debug for project Exercise12 ****
make all 
Building file: ../src/Exercise12.cpp
Invoking: GCC C++ Compiler
g++ -O0 -g3 -Wall -c -fmessage-length=0 -MMD -MP -MF"src/Exercise12.d" -MT"src/Exercise12.o" -o "src/Exercise12.o" "../src/Exercise12.cpp"
Finished building: ../src/Exercise12.cpp
 
Building target: Exercise12
Invoking: MacOS X C++ Linker
g++  -o "Exercise12"  ./src/Exercise12.o   
Finished building target: Exercise12
 
19:47:30 **** Incremental Build of configuration Debug for project Exercise12 ****
make all 
Building file: ../src/Exercise12.cpp
Invoking: GCC C++ Compiler
g++ -O0 -g3 -Wall -c -fmessage-length=0 -MMD -MP -MF"src/Exercise12.d" -MT"src/Exercise12.o" -o "src/Exercise12.o" "../src/Exercise12.cpp"
Finished building: ../src/Exercise12.cpp
 
Building target: Exercise12
Invoking: MacOS X C++ Linker
g++  -o "Exercise12"  ./src/Exercise12.o   
Finished building target: Exercise12
 
19:47:56 **** Incremental Build of configuration Debug for project Exercise12 ****
make all 
Building file: ../src/Exercise12.cpp
Invoking: GCC C++ Compiler
g++ -O0 -g3 -Wall -c -fmessage-length=0 -MMD -MP -MF"src/Exercise12.d" -MT"src/Exercise12.o" -o "src/Exercise12.o" "../src/Exercise12.cpp"
Finished building: ../src/Exercise12.cpp
 
Building target: Exercise12
Invoking: MacOS X C++ Linker
g++  -o "Exercise12"  ./src/Exercise12.o   
Finished building target: Exercise12
 
19:48:16 **** Incremental Build of configuration Debug for project Exercise12 ****
make all 
Building file: ../src/Exercise12.cpp
Invoking: GCC C++ Compiler
g++ -O0 -g3 -Wall -c -fmessage-length=0 -MMD -MP -MF"src/Exercise12.d" -MT"src/Exercise12.o" -o "src/Exercise12.o" "../src/Exercise12.cpp"
Finished building: ../src/Exercise12.cpp
 
Building target: Exercise12
Invoking: MacOS X C++ Linker
g++  -o "Exercise12"  ./src/Exercise12.o   
Finished building target: Exercise12
 
19:49:13 **** Incremental Build of configuration Debug for project Exercise12 ****
make all 
Building file: ../src/Exercise12.cpp
Invoking: GCC C++ Compiler
g++ -O0 -g3 -Wall -c -fmessage-length=0 -MMD -MP -MF"src/Exercise12.d" -MT"src/Exercise12.o" -o "src/Exercise12.o" "../src/Exercise12.cpp"
Finished building: ../src/Exercise12.cpp
 
Building target: Exercise12
Invoking: MacOS X C++ Linker
g++  -o "Exercise12"  ./src/Exercise12.o   
Finished building target: Exercise12
 
19:51:09 **** Incremental Build of configuration Debug for project Exercise12 ****
make all 
Building file: ../src/Exercise12.cpp
Invoking: GCC C++ Compiler
g++ -O0 -g3 -Wall -c -fmessage-length=0 -MMD -MP -MF"src/Exercise12.d" -MT"src/Exercise12.o" -o "src/Exercise12.o" "../src/Exercise12.cpp"
Finished building: ../src/Exercise12.cpp
 
Building target: Exercise12
Invoking: MacOS X C++ Linker
g++  -o "Exercise12"  ./src/Exercise12.o   
Finished building target: Exercise12
 
19:51:22 **** Incremental Build of configuration Debug for project Exercise12 ****
make all 
Building file: ../src/Exercise12.cpp
Invoking: GCC C++ Compiler
g++ -O0 -g3 -Wall -c -fmessage-length=0 -MMD -MP -MF"src/Exercise12.d" -MT"src/Exercise12.o" -o "src/Exercise12.o" "../src/Exercise12.cpp"
Finished building: ../src/Exercise12.cpp
 
Building target: Exercise12
Invoking: MacOS X C++ Linker
g++  -o "Exercise12"  ./src/Exercise12.o   
Finished building target: Exercise12
 
19:51:58 **** Incremental Build of configuration Debug for project Exercise12 ****
make all 
Building file: ../src/Exercise12.cpp
Invoking: GCC C++ Compiler
g++ -O0 -g3 -Wall -c -fmessage-length=0 -MMD -MP -MF"src/Exercise12.d" -MT"src/Exercise12.o" -o "src/Exercise12.o" "../src/Exercise12.cpp"
Finished building: ../src/Exercise12.cpp
 
Building target: Exercise12
Invoking: MacOS X C++ Linker
g++  -o "Exercise12"  ./src/Exercise12.o   
Finished building target: Exercise12
 
19:52:10 **** Incremental Build of configuration Debug for project Exercise12 ****
make all 
Building file: ../src/Exercise12.cpp
Invoking: GCC C++ Compiler
g++ -O0 -g3 -Wall -c -fmessage-length=0 -MMD -MP -MF"src/Exercise12.d" -MT"src/Exercise12.o" -o "src/Exercise12.o" "../src/Exercise12.cpp"
Finished building: ../src/Exercise12.cpp
 
Building target: Exercise12
Invoking: MacOS X C++ Linker
g++  -o "Exercise12"  ./src/Exercise12.o   
Finished building target: Exercise12
 
19:52:25 **** Incremental Build of configuration Debug for project Exercise12 ****
make all 
Building file: ../src/Exercise12.cpp
Invoking: GCC C++ Compiler
g++ -O0 -g3 -Wall -c -fmessage-length=0 -MMD -MP -MF"src/Exercise12.d" -MT"src/Exercise12.o" -o "src/Exercise12.o" "../src/Exercise12.cpp"
Finished building: ../src/Exercise12.cpp
 
Building target: Exercise12
Invoking: MacOS X C++ Linker
g++  -o "Exercise12"  ./src/Exercise12.o   
Finished building target: Exercise12
 
19:56:32 **** Incremental Build of configuration Debug for project Exercise12 ****
make all 
Building file: ../src/Exercise12.cpp
Invoking: GCC C++ Compiler
g++ -O0 -g3 -Wall -c -fmessage-length=0 -MMD -MP -MF"src/Exercise12.d" -MT"src/Exercise12.o" -o "src/Exercise12.o" "../src/Exercise12.cpp"
Finished building: ../src/Exercise12.cpp
 
Building target: Exercise12
Invoking: MacOS X C++ Linker
g++  -o "Exercise12"  ./src/Exercise12.o   
Finished building target: Exercise12
 
20:02:34 **** Incremental Build of configuration Debug for project Exercise12 ****
make all 
Building file: ../src/Exercise12.cpp
Invoking: GCC C++ Compiler
g++ -O0 -g3 -Wall -c -fmessage-length=0 -MMD -MP -MF"src/Exercise12.d" -MT"src/Exercise12.o" -o "src/Exercise12.o" "../src/Exercise12.cpp"
Finished building: ../src/Exercise12.cpp
 
Building target: Exercise12
Invoking: MacOS X C++ Linker
g++  -o "Exercise12"  ./src/Exercise12.o   
Undefined symbols for architecture x86_64:
  "ORI(Point2D, Point2D, Point2D)", referenced from:
      _main in Exercise12.o
ld: symbol(s) not found for architecture x86_64
clang: error: linker command failed with exit code 1 (use -v to see invocation)
make: *** [Exercise12] Error 1
"make all" terminated with exit code 2. Build might be incomplete.
20:02:54 **** Incremental Build of configuration Debug for project Exercise12 ****
make all 
Building file: ../src/Exercise12.cpp
Invoking: GCC C++ Compiler
g++ -O0 -g3 -Wall -c -fmessage-length=0 -MMD -MP -MF"src/Exercise12.d" -MT"src/Exercise12.o" -o "src/Exercise12.o" "../src/Exercise12.cpp"
Finished building: ../src/Exercise12.cpp
 
Building target: Exercise12
Invoking: MacOS X C++ Linker
g++  -o "Exercise12"  ./src/Exercise12.o   
Finished building target: Exercise12
 
20:10:01 **** Incremental Build of configuration Debug for project Exercise12 ****
make all 
Building file: ../src/Exercise12.cpp
Invoking: GCC C++ Compiler
g++ -O0 -g3 -Wall -c -fmessage-length=0 -MMD -MP -MF"src/Exercise12.d" -MT"src/Exercise12.o" -o "src/Exercise12.o" "../src/Exercise12.cpp"
../src/Exercise12.cpp:52:22: error: called object type 'int' is not a function or function pointer
        double num=(c.y-a.y)(b.x-a.x)-(c.x-a.x)(b.y-a.y);
                   ~~~~~~~~~^
../src/Exercise12.cpp:52:41: error: called object type 'int' is not a function or function pointer
        double num=(c.y-a.y)(b.x-a.x)-(c.x-a.x)(b.y-a.y);
                                      ~~~~~~~~~^
2 errors generated.
make: *** [src/Exercise12.o] Error 1
"make all" terminated with exit code 2. Build might be incomplete.
20:10:20 **** Incremental Build of configuration Debug for project Exercise12 ****
make all 
Building file: ../src/Exercise12.cpp
Invoking: GCC C++ Compiler
g++ -O0 -g3 -Wall -c -fmessage-length=0 -MMD -MP -MF"src/Exercise12.d" -MT"src/Exercise12.o" -o "src/Exercise12.o" "../src/Exercise12.cpp"
Finished building: ../src/Exercise12.cpp
 
Building target: Exercise12
Invoking: MacOS X C++ Linker
g++  -o "Exercise12"  ./src/Exercise12.o   
Finished building target: Exercise12
 
20:11:20 **** Incremental Build of configuration Debug for project Exercise12 ****
make all 
Building file: ../src/Exercise12.cpp
Invoking: GCC C++ Compiler
g++ -O0 -g3 -Wall -c -fmessage-length=0 -MMD -MP -MF"src/Exercise12.d" -MT"src/Exercise12.o" -o "src/Exercise12.o" "../src/Exercise12.cpp"
Finished building: ../src/Exercise12.cpp
 
Building target: Exercise12
Invoking: MacOS X C++ Linker
g++  -o "Exercise12"  ./src/Exercise12.o   
Finished building target: Exercise12
 
20:11:40 **** Incremental Build of configuration Debug for project Exercise12 ****
make all 
Building file: ../src/Exercise12.cpp
Invoking: GCC C++ Compiler
g++ -O0 -g3 -Wall -c -fmessage-length=0 -MMD -MP -MF"src/Exercise12.d" -MT"src/Exercise12.o" -o "src/Exercise12.o" "../src/Exercise12.cpp"
Finished building: ../src/Exercise12.cpp
 
Building target: Exercise12
Invoking: MacOS X C++ Linker
g++  -o "Exercise12"  ./src/Exercise12.o   
Finished building target: Exercise12
 
20:12:34 **** Incremental Build of configuration Debug for project Exercise12 ****
make all 
Building file: ../src/Exercise12.cpp
Invoking: GCC C++ Compiler
g++ -O0 -g3 -Wall -c -fmessage-length=0 -MMD -MP -MF"src/Exercise12.d" -MT"src/Exercise12.o" -o "src/Exercise12.o" "../src/Exercise12.cpp"
Finished building: ../src/Exercise12.cpp
 
Building target: Exercise12
Invoking: MacOS X C++ Linker
g++  -o "Exercise12"  ./src/Exercise12.o   
Finished building target: Exercise12
 
20:13:13 **** Incremental Build of configuration Debug for project Exercise12 ****
make all 
Building file: ../src/Exercise12.cpp
Invoking: GCC C++ Compiler
g++ -O0 -g3 -Wall -c -fmessage-length=0 -MMD -MP -MF"src/Exercise12.d" -MT"src/Exercise12.o" -o "src/Exercise12.o" "../src/Exercise12.cpp"
Finished building: ../src/Exercise12.cpp
 
Building target: Exercise12
Invoking: MacOS X C++ Linker
g++  -o "Exercise12"  ./src/Exercise12.o   
Finished building target: Exercise12
 
20:14:13 **** Incremental Build of configuration Debug for project Exercise12 ****
make all 
Building file: ../src/Exercise12.cpp
Invoking: GCC C++ Compiler
g++ -O0 -g3 -Wall -c -fmessage-length=0 -MMD -MP -MF"src/Exercise12.d" -MT"src/Exercise12.o" -o "src/Exercise12.o" "../src/Exercise12.cpp"
Finished building: ../src/Exercise12.cpp
 
Building target: Exercise12
Invoking: MacOS X C++ Linker
g++  -o "Exercise12"  ./src/Exercise12.o   
Finished building target: Exercise12
 
20:16:04 **** Incremental Build of configuration Debug for project Exercise12 ****
make all 
Building file: ../src/Exercise12.cpp
Invoking: GCC C++ Compiler
g++ -O0 -g3 -Wall -c -fmessage-length=0 -MMD -MP -MF"src/Exercise12.d" -MT"src/Exercise12.o" -o "src/Exercise12.o" "../src/Exercise12.cpp"
Finished building: ../src/Exercise12.cpp
 
Building target: Exercise12
Invoking: MacOS X C++ Linker
g++  -o "Exercise12"  ./src/Exercise12.o   
Finished building target: Exercise12
 
20:23:07 **** Incremental Build of configuration Debug for project Exercise12 ****
make all 
Building file: ../src/Exercise12.cpp
Invoking: GCC C++ Compiler
g++ -O0 -g3 -Wall -c -fmessage-length=0 -MMD -MP -MF"src/Exercise12.d" -MT"src/Exercise12.o" -o "src/Exercise12.o" "../src/Exercise12.cpp"
Finished building: ../src/Exercise12.cpp
 
Building target: Exercise12
Invoking: MacOS X C++ Linker
g++  -o "Exercise12"  ./src/Exercise12.o   
Finished building target: Exercise12
 
20:25:22 **** Incremental Build of configuration Debug for project Exercise12 ****
make all 
Building file: ../src/Exercise12.cpp
Invoking: GCC C++ Compiler
g++ -O0 -g3 -Wall -c -fmessage-length=0 -MMD -MP -MF"src/Exercise12.d" -MT"src/Exercise12.o" -o "src/Exercise12.o" "../src/Exercise12.cpp"
Finished building: ../src/Exercise12.cpp
 
Building target: Exercise12
Invoking: MacOS X C++ Linker
g++  -o "Exercise12"  ./src/Exercise12.o   
Finished building target: Exercise12
 
22:54:22 **** Incremental Build of configuration Debug for project Exercise12 ****
make all 
Building file: ../src/Exercise12.cpp
Invoking: GCC C++ Compiler
g++ -O0 -g3 -Wall -c -fmessage-length=0 -MMD -MP -MF"src/Exercise12.d" -MT"src/Exercise12.o" -o "src/Exercise12.o" "../src/Exercise12.cpp"
../src/Exercise12.cpp:54:9: warning: unused variable 'num' [-Wunused-variable]
        double num=(p.y-a.y)*(p.x-a.x)-(p.x-a.x)*(b.y-a.y);
               ^
1 warning generated.
Finished building: ../src/Exercise12.cpp
 
Building target: Exercise12
Invoking: MacOS X C++ Linker
g++  -o "Exercise12"  ./src/Exercise12.o   
Finished building target: Exercise12
 
22:55:26 **** Incremental Build of configuration Debug for project Exercise12 ****
make all 
Building file: ../src/Exercise12.cpp
Invoking: GCC C++ Compiler
g++ -O0 -g3 -Wall -c -fmessage-length=0 -MMD -MP -MF"src/Exercise12.d" -MT"src/Exercise12.o" -o "src/Exercise12.o" "../src/Exercise12.cpp"
Finished building: ../src/Exercise12.cpp
 
Building target: Exercise12
Invoking: MacOS X C++ Linker
g++  -o "Exercise12"  ./src/Exercise12.o   
Finished building target: Exercise12
 
22:55:57 **** Incremental Build of configuration Debug for project Exercise12 ****
make all 
Building file: ../src/Exercise12.cpp
Invoking: GCC C++ Compiler
g++ -O0 -g3 -Wall -c -fmessage-length=0 -MMD -MP -MF"src/Exercise12.d" -MT"src/Exercise12.o" -o "src/Exercise12.o" "../src/Exercise12.cpp"
../src/Exercise12.cpp:54:9: warning: unused variable 'num' [-Wunused-variable]
        double num=(p.y-a.y)*(p.x-a.x)-(p.x-a.x)*(b.y-a.y);
               ^
1 warning generated.
Finished building: ../src/Exercise12.cpp
 
Building target: Exercise12
Invoking: MacOS X C++ Linker
g++  -o "Exercise12"  ./src/Exercise12.o   
Finished building target: Exercise12
 
22:57:32 **** Incremental Build of configuration Debug for project Exercise12 ****
make all 
make: Nothing to be done for `all'.
22:58:12 **** Incremental Build of configuration Debug for project Exercise12 ****
make all 
make: Nothing to be done for `all'.
23:03:09 **** Incremental Build of configuration Debug for project Exercise12 ****
make all 
Building file: ../src/Exercise12.cpp
Invoking: GCC C++ Compiler
g++ -O0 -g3 -Wall -c -fmessage-length=0 -MMD -MP -MF"src/Exercise12.d" -MT"src/Exercise12.o" -o "src/Exercise12.o" "../src/Exercise12.cpp"
../src/Exercise12.cpp:56:6: error: expected expression
                if(){
                   ^
1 error generated.
make: *** [src/Exercise12.o] Error 1
"make all" terminated with exit code 2. Build might be incomplete.
23:03:23 **** Incremental Build of configuration Debug for project Exercise12 ****
make all 
Building file: ../src/Exercise12.cpp
Invoking: GCC C++ Compiler
g++ -O0 -g3 -Wall -c -fmessage-length=0 -MMD -MP -MF"src/Exercise12.d" -MT"src/Exercise12.o" -o "src/Exercise12.o" "../src/Exercise12.cpp"
Finished building: ../src/Exercise12.cpp
 
Building target: Exercise12
Invoking: MacOS X C++ Linker
g++  -o "Exercise12"  ./src/Exercise12.o   
Finished building target: Exercise12
 
23:04:02 **** Incremental Build of configuration Debug for project Exercise12 ****
make all 
Building file: ../src/Exercise12.cpp
Invoking: GCC C++ Compiler
g++ -O0 -g3 -Wall -c -fmessage-length=0 -MMD -MP -MF"src/Exercise12.d" -MT"src/Exercise12.o" -o "src/Exercise12.o" "../src/Exercise12.cpp"
Finished building: ../src/Exercise12.cpp
 
Building target: Exercise12
Invoking: MacOS X C++ Linker
g++  -o "Exercise12"  ./src/Exercise12.o   
Finished building target: Exercise12
 
23:17:13 **** Incremental Build of configuration Debug for project Exercise12 ****
make all 
Building file: ../src/Exercise12.cpp
Invoking: GCC C++ Compiler
g++ -O0 -g3 -Wall -c -fmessage-length=0 -MMD -MP -MF"src/Exercise12.d" -MT"src/Exercise12.o" -o "src/Exercise12.o" "../src/Exercise12.cpp"
Finished building: ../src/Exercise12.cpp
 
Building target: Exercise12
Invoking: MacOS X C++ Linker
g++  -o "Exercise12"  ./src/Exercise12.o   
Finished building target: Exercise12
 
23:19:07 **** Incremental Build of configuration Debug for project Exercise12 ****
make all 
Building file: ../src/Exercise12.cpp
Invoking: GCC C++ Compiler
g++ -O0 -g3 -Wall -c -fmessage-length=0 -MMD -MP -MF"src/Exercise12.d" -MT"src/Exercise12.o" -o "src/Exercise12.o" "../src/Exercise12.cpp"
Finished building: ../src/Exercise12.cpp
 
Building target: Exercise12
Invoking: MacOS X C++ Linker
g++  -o "Exercise12"  ./src/Exercise12.o   
Finished building target: Exercise12
 
23:24:15 **** Incremental Build of configuration Debug for project Exercise12 ****
make all 
Building file: ../src/Exercise12.cpp
Invoking: GCC C++ Compiler
g++ -O0 -g3 -Wall -c -fmessage-length=0 -MMD -MP -MF"src/Exercise12.d" -MT"src/Exercise12.o" -o "src/Exercise12.o" "../src/Exercise12.cpp"
Finished building: ../src/Exercise12.cpp
 
Building target: Exercise12
Invoking: MacOS X C++ Linker
g++  -o "Exercise12"  ./src/Exercise12.o   
Finished building target: Exercise12
 
23:29:00 **** Incremental Build of configuration Debug for project Exercise12 ****
make all 
Building file: ../src/Exercise12.cpp
Invoking: GCC C++ Compiler
g++ -O0 -g3 -Wall -c -fmessage-length=0 -MMD -MP -MF"src/Exercise12.d" -MT"src/Exercise12.o" -o "src/Exercise12.o" "../src/Exercise12.cpp"
Finished building: ../src/Exercise12.cpp
 
Building target: Exercise12
Invoking: MacOS X C++ Linker
g++  -o "Exercise12"  ./src/Exercise12.o   
Finished building target: Exercise12
 
23:32:39 **** Incremental Build of configuration Debug for project Exercise12 ****
make all 
Building file: ../src/Exercise12.cpp
Invoking: GCC C++ Compiler
g++ -O0 -g3 -Wall -c -fmessage-length=0 -MMD -MP -MF"src/Exercise12.d" -MT"src/Exercise12.o" -o "src/Exercise12.o" "../src/Exercise12.cpp"
Finished building: ../src/Exercise12.cpp
 
Building target: Exercise12
Invoking: MacOS X C++ Linker
g++  -o "Exercise12"  ./src/Exercise12.o   
Finished building target: Exercise12
 
23:33:03 **** Incremental Build of configuration Debug for project Exercise12 ****
make all 
make: Nothing to be done for `all'.
23:33:24 **** Incremental Build of configuration Debug for project Exercise12 ****
make all 
make: Nothing to be done for `all'.
23:33:35 **** Incremental Build of configuration Debug for project Exercise12 ****
make all 
make: Nothing to be done for `all'.
23:33:55 **** Incremental Build of configuration Debug for project Exercise12 ****
make all 
make: Nothing to be done for `all'.
23:34:04 **** Incremental Build of configuration Debug for project Exercise12 ****
make all 
make: Nothing to be done for `all'.
23:34:46 **** Incremental Build of configuration Debug for project Exercise12 ****
make all 
make: Nothing to be done for `all'.
23:35:06 **** Incremental Build of configuration Debug for project Exercise12 ****
make all 
make: Nothing to be done for `all'.
23:35:20 **** Incremental Build of configuration Debug for project Exercise12 ****
make all 
make: Nothing to be done for `all'.
23:35:58 **** Incremental Build of configuration Debug for project Exercise12 ****
make all 
make: Nothing to be done for `all'.
23:36:15 **** Incremental Build of configuration Debug for project Exercise12 ****
make all 
make: Nothing to be done for `all'.
23:36:29 **** Incremental Build of configuration Debug for project Exercise12 ****
make all 
make: Nothing to be done for `all'.
23:36:45 **** Incremental Build of configuration Debug for project Exercise12 ****
make all 
make: Nothing to be done for `all'.
23:37:39 **** Incremental Build of configuration Debug for project Exercise12 ****
make all 
Building file: ../src/Exercise12.cpp
Invoking: GCC C++ Compiler
g++ -O0 -g3 -Wall -c -fmessage-length=0 -MMD -MP -MF"src/Exercise12.d" -MT"src/Exercise12.o" -o "src/Exercise12.o" "../src/Exercise12.cpp"
Finished building: ../src/Exercise12.cpp
 
Building target: Exercise12
Invoking: MacOS X C++ Linker
g++  -o "Exercise12"  ./src/Exercise12.o   
Finished building target: Exercise12
 
23:38:08 **** Incremental Build of configuration Debug for project Exercise12 ****
make all 
Building file: ../src/Exercise12.cpp
Invoking: GCC C++ Compiler
g++ -O0 -g3 -Wall -c -fmessage-length=0 -MMD -MP -MF"src/Exercise12.d" -MT"src/Exercise12.o" -o "src/Exercise12.o" "../src/Exercise12.cpp"
Finished building: ../src/Exercise12.cpp
 
Building target: Exercise12
Invoking: MacOS X C++ Linker
g++  -o "Exercise12"  ./src/Exercise12.o   
Finished building target: Exercise12
 
23:38:44 **** Incremental Build of configuration Debug for project Exercise12 ****
make all 
Building file: ../src/Exercise12.cpp
Invoking: GCC C++ Compiler
g++ -O0 -g3 -Wall -c -fmessage-length=0 -MMD -MP -MF"src/Exercise12.d" -MT"src/Exercise12.o" -o "src/Exercise12.o" "../src/Exercise12.cpp"
Finished building: ../src/Exercise12.cpp
 
Building target: Exercise12
Invoking: MacOS X C++ Linker
g++  -o "Exercise12"  ./src/Exercise12.o   
Finished building target: Exercise12
 
23:43:18 **** Clean-only build of configuration Debug for project Exercise11 ****
make clean 
rm -rf  ./src/Exercise11.o  ./src/Exercise11.d  Exercise11
 
23:43:18 **** Clean-only build of configuration Debug for project Exercise12 ****
make clean 
rm -rf  ./src/Exercise12.o  ./src/Exercise12.d  Exercise12
 
23:43:24 **** Clean-only build of configuration Debug for project Exercise11 ****
make clean 
rm -rf  ./src/Exercise11.o  ./src/Exercise11.d  Exercise11
 
23:43:24 **** Clean-only build of configuration Debug for project Exercise12 ****
make clean 
rm -rf  ./src/Exercise12.o  ./src/Exercise12.d  Exercise12
 
23:43:30 **** Build of configuration Debug for project Exercise11 ****
make all 
Building file: ../src/Exercise11.cpp
Invoking: GCC C++ Compiler
g++ -O0 -g3 -Wall -c -fmessage-length=0 -MMD -MP -MF"src/Exercise11.d" -MT"src/Exercise11.o" -o "src/Exercise11.o" "../src/Exercise11.cpp"
Finished building: ../src/Exercise11.cpp
 
Building target: Exercise11
Invoking: MacOS X C++ Linker
g++  -o "Exercise11"  ./src/Exercise11.o   
Finished building target: Exercise11
 
23:43:30 **** Build of configuration Debug for project Exercise12 ****
make all 
Building file: ../src/Exercise12.cpp
Invoking: GCC C++ Compiler
g++ -O0 -g3 -Wall -c -fmessage-length=0 -MMD -MP -MF"src/Exercise12.d" -MT"src/Exercise12.o" -o "src/Exercise12.o" "../src/Exercise12.cpp"
Finished building: ../src/Exercise12.cpp
 
Building target: Exercise12
Invoking: MacOS X C++ Linker
g++  -o "Exercise12"  ./src/Exercise12.o   
Finished building target: Exercise12
 
